#
# An unexpected error has been detected by Java Runtime Environment:
#
#  EXCEPTION_ACCESS_VIOLATION (0xc0000005) at pc=0x6d19f2e6, pid=276, tid=4004
#
# Java VM: Java HotSpot(TM) Client VM (1.6.0_02-b05 mixed mode)
# Problematic frame:
# C  [awt.dll+0xef2e6]
#
# If you would like to submit a bug report, please visit:
#   http://java.sun.com/webapps/bugreport/crash.jsp
#

---------------  T H R E A D  ---------------

Current thread (0x0af4d400):  JavaThread "AWT-Windows" daemon [_thread_in_native, id=4004]

siginfo: ExceptionCode=0xc0000005, reading address 0x00000000

Registers:
EAX=0x00000000, EBX=0x0b26f29c, ECX=0x00000000, EDX=0x0b26f29c
ESP=0x0b26f10c, EBP=0x0b26f2f4, ESI=0x0aa8e1b0, EDI=0x00000000
EIP=0x6d19f2e6, EFLAGS=0x00010246

Top of Stack: (sp=0x0b26f10c)
0x0b26f10c:   0af4d4ec 0b26f318 06d588d0 00000064
0x0b26f11c:   0af4de20 0af4de24 0af4de2c 00000012
0x0b26f12c:   0af4d400 0af4de10 0af4d400 0af4de04
0x0b26f13c:   00000000 00000232 0af4de2c 0af4d400
0x0b26f14c:   0af4ddfc 6d8f82f1 00000232 6d99e87d
0x0b26f15c:   0b26f234 0af4de24 0af4de10 ffeeeeee
0x0b26f16c:   0af4de20 00000001 0af4d400 0af4de04
0x0b26f17c:   0af4d400 0af4de24 6d99f2af 0b26f234 

Instructions: (pc=0x6d19f2e6)
0x6d19f2d6:   9c 24 80 01 00 00 8d 64 24 00 8b 8e a8 00 00 00
0x6d19f2e6:   8b 11 8d 44 24 0c 50 68 00 04 00 01 6a 00 6a 00 


Stack: [0x0b220000,0x0b270000),  sp=0x0b26f10c,  free space=316k
Native frames: (J=compiled Java code, j=interpreted, Vv=VM code, C=native code)
C  [awt.dll+0xef2e6]
j  sun.java2d.windows.DDRenderer.fillRect(Lsun/java2d/SunGraphics2D;IIII)V+146
j  sun.java2d.SunGraphics2D.fillRect(IIII)V+10
j  sun.java2d.SunGraphics2D.clearRect(IIII)V+37
j  sun.awt.image.VolatileSurfaceManager.initContents()V+25
j  sun.awt.image.VolatileSurfaceManager.validate(Ljava/awt/GraphicsConfiguration;)I+199
j  sun.awt.image.SunVolatileImage.validate(Ljava/awt/GraphicsConfiguration;)I+5
j  java.awt.Component$BltBufferStrategy.revalidate(Z)V+99
j  java.awt.Component$BltSubRegionBufferStrategy.validateAndShow(IIII)Z+2
j  javax.swing.BufferStrategyPaintManager.show(Ljava/awt/Container;IIII)Z+108
j  javax.swing.RepaintManager.show(Ljava/awt/Container;IIII)Z+11
j  javax.swing.SwingPaintEventDispatcher.createPaintEvent(Ljava/awt/Component;IIII)Ljava/awt/event/PaintEvent;+38
j  sun.awt.windows.WComponentPeer.postPaintIfNecessary(IIII)V+28
j  sun.awt.windows.WComponentPeer.handleExpose(IIII)V+6
v  ~StubRoutines::call_stub

Java frames: (J=compiled Java code, j=interpreted, Vv=VM code)
j  sun.java2d.windows.DDRenderer.doFillRectDD(Lsun/java2d/SurfaceData;IIIII)V+0
j  sun.java2d.windows.DDRenderer.fillRect(Lsun/java2d/SunGraphics2D;IIII)V+146
j  sun.java2d.SunGraphics2D.fillRect(IIII)V+10
j  sun.java2d.SunGraphics2D.clearRect(IIII)V+37
j  sun.awt.image.VolatileSurfaceManager.initContents()V+25
j  sun.awt.image.VolatileSurfaceManager.validate(Ljava/awt/GraphicsConfiguration;)I+199
j  sun.awt.image.SunVolatileImage.validate(Ljava/awt/GraphicsConfiguration;)I+5
j  java.awt.Component$BltBufferStrategy.revalidate(Z)V+99
j  java.awt.Component$BltSubRegionBufferStrategy.validateAndShow(IIII)Z+2
j  javax.swing.BufferStrategyPaintManager.show(Ljava/awt/Container;IIII)Z+108
j  javax.swing.RepaintManager.show(Ljava/awt/Container;IIII)Z+11
j  javax.swing.SwingPaintEventDispatcher.createPaintEvent(Ljava/awt/Component;IIII)Ljava/awt/event/PaintEvent;+38
j  sun.awt.windows.WComponentPeer.postPaintIfNecessary(IIII)V+28
j  sun.awt.windows.WComponentPeer.handleExpose(IIII)V+6
v  ~StubRoutines::call_stub
j  sun.awt.windows.WToolkit.eventLoop()V+0
j  sun.awt.windows.WToolkit.run()V+69
j  java.lang.Thread.run()V+11
v  ~StubRoutines::call_stub

---------------  P R O C E S S  ---------------

Java Threads: ( => current thread )
  0x0afff400 JavaThread "TimerQueue" daemon [_thread_blocked, id=2948]
  0x00296800 JavaThread "DestroyJavaVM" [_thread_blocked, id=2212]
  0x0af4f400 JavaThread "AWT-EventQueue-0" [_thread_blocked, id=1096]
=>0x0af4d400 JavaThread "AWT-Windows" daemon [_thread_in_native, id=4004]
  0x0af4c400 JavaThread "AWT-Shutdown" [_thread_blocked, id=1396]
  0x0af4b400 JavaThread "Java2D Disposer" daemon [_thread_blocked, id=3288]
  0x0aab3400 JavaThread "Low Memory Detector" daemon [_thread_blocked, id=2248]
  0x0aab2000 JavaThread "CompilerThread0" daemon [_thread_blocked, id=2876]
  0x0aaa5800 JavaThread "JDWP Command Reader" daemon [_thread_in_native, id=2756]
  0x0aaa4800 JavaThread "JDWP Event Helper Thread" daemon [_thread_blocked, id=3644]
  0x0aaa2400 JavaThread "JDWP Transport Listener: dt_socket" daemon [_thread_blocked, id=2740]
  0x0aa97800 JavaThread "Attach Listener" daemon [_thread_blocked, id=3208]
  0x0aa96800 JavaThread "Signal Dispatcher" daemon [_thread_blocked, id=216]
  0x0aa87400 JavaThread "Finalizer" daemon [_thread_blocked, id=3604]
  0x0aa82c00 JavaThread "Reference Handler" daemon [_thread_blocked, id=2668]

Other Threads:
  0x0aa7fc00 VMThread [id=3232]
  0x0aab4c00 WatcherThread [id=1064]

VM state:not at safepoint (normal execution)

VM Mutex/Monitor currently owned by a thread: None

Heap
 def new generation   total 960K, used 591K [0x02990000, 0x02a90000, 0x02e70000)
  eden space 896K,  58% used [0x02990000, 0x02a13e20, 0x02a70000)
  from space 64K, 100% used [0x02a80000, 0x02a90000, 0x02a90000)
  to   space 64K,   0% used [0x02a70000, 0x02a70000, 0x02a80000)
 tenured generation   total 4096K, used 367K [0x02e70000, 0x03270000, 0x06990000)
   the space 4096K,   8% used [0x02e70000, 0x02ecbc28, 0x02ecbe00, 0x03270000)
 compacting perm gen  total 12288K, used 7472K [0x06990000, 0x07590000, 0x0a990000)
   the space 12288K,  60% used [0x06990000, 0x070dc360, 0x070dc400, 0x07590000)
No shared spaces configured.

Dynamic libraries:
0x00400000 - 0x00423000 	C:\Program Files\Java\jdk1.6.0_02\jre\bin\java.exe
0x7c900000 - 0x7c9b0000 	C:\WINDOWS\system32\ntdll.dll
0x7c800000 - 0x7c8f4000 	C:\WINDOWS\system32\kernel32.dll
0x77dd0000 - 0x77e6b000 	C:\WINDOWS\system32\ADVAPI32.dll
0x77e70000 - 0x77f01000 	C:\WINDOWS\system32\RPCRT4.dll
0x7c340000 - 0x7c396000 	C:\Program Files\Java\jdk1.6.0_02\jre\bin\msvcr71.dll
0x6d870000 - 0x6dab9000 	C:\Program Files\Java\jdk1.6.0_02\jre\bin\client\jvm.dll
0x77d40000 - 0x77dd0000 	C:\WINDOWS\system32\USER32.dll
0x77f10000 - 0x77f56000 	C:\WINDOWS\system32\GDI32.dll
0x76b40000 - 0x76b6d000 	C:\WINDOWS\system32\WINMM.dll
0x6d3c0000 - 0x6d3c8000 	C:\Program Files\Java\jdk1.6.0_02\jre\bin\hpi.dll
0x76bf0000 - 0x76bfb000 	C:\WINDOWS\system32\PSAPI.DLL
0x6d4b0000 - 0x6d4d9000 	C:\Program Files\Java\jdk1.6.0_02\jre\bin\jdwp.dll
0x6d770000 - 0x6d776000 	C:\Program Files\Java\jdk1.6.0_02\jre\bin\npt.dll
0x6d820000 - 0x6d82c000 	C:\Program Files\Java\jdk1.6.0_02\jre\bin\verify.dll
0x6d460000 - 0x6d47f000 	C:\Program Files\Java\jdk1.6.0_02\jre\bin\java.dll
0x6d860000 - 0x6d86f000 	C:\Program Files\Java\jdk1.6.0_02\jre\bin\zip.dll
0x6d330000 - 0x6d337000 	C:\Program Files\Java\jdk1.6.0_02\jre\bin\dt_socket.dll
0x71ab0000 - 0x71ac7000 	C:\WINDOWS\system32\WS2_32.dll
0x77c10000 - 0x77c68000 	C:\WINDOWS\system32\msvcrt.dll
0x71aa0000 - 0x71aa8000 	C:\WINDOWS\system32\WS2HELP.dll
0x71a50000 - 0x71a8f000 	C:\WINDOWS\System32\mswsock.dll
0x76f20000 - 0x76f47000 	C:\WINDOWS\system32\DNSAPI.dll
0x76fb0000 - 0x76fb8000 	C:\WINDOWS\System32\winrnr.dll
0x76f60000 - 0x76f8c000 	C:\WINDOWS\system32\WLDAP32.dll
0x76fc0000 - 0x76fc6000 	C:\WINDOWS\system32\rasadhlp.dll
0x662b0000 - 0x66308000 	C:\WINDOWS\system32\hnetcfg.dll
0x71a90000 - 0x71a98000 	C:\WINDOWS\System32\wshtcpip.dll
0x6d0b0000 - 0x6d273000 	C:\Program Files\Java\jdk1.6.0_02\jre\bin\awt.dll
0x73000000 - 0x73026000 	C:\WINDOWS\system32\WINSPOOL.DRV
0x76390000 - 0x763ad000 	C:\WINDOWS\system32\IMM32.dll
0x774e0000 - 0x7761c000 	C:\WINDOWS\system32\ole32.dll
0x5ad70000 - 0x5ada8000 	C:\WINDOWS\system32\uxtheme.dll
0x73760000 - 0x737a9000 	C:\WINDOWS\system32\ddraw.dll
0x73bc0000 - 0x73bc6000 	C:\WINDOWS\system32\DCIMAN32.dll
0x74720000 - 0x7476b000 	C:\WINDOWS\system32\MSCTF.dll
0x6d360000 - 0x6d3b3000 	C:\Program Files\Java\jdk1.6.0_02\jre\bin\fontmanager.dll
0x7c9c0000 - 0x7d1d4000 	C:\WINDOWS\system32\shell32.dll
0x77f60000 - 0x77fd6000 	C:\WINDOWS\system32\SHLWAPI.dll
0x773d0000 - 0x774d2000 	C:\WINDOWS\WinSxS\x86_Microsoft.Windows.Common-Controls_6595b64144ccf1df_6.0.2600.2180_x-ww_a84f1ff9\comctl32.dll
0x5d090000 - 0x5d127000 	C:\WINDOWS\system32\comctl32.dll
0x6d620000 - 0x6d633000 	C:\Program Files\Java\jdk1.6.0_02\jre\bin\net.dll
0x6d640000 - 0x6d649000 	C:\Program Files\Java\jdk1.6.0_02\jre\bin\nio.dll

VM Arguments:
jvm_args: -Xdebug -Xnoagent -Djava.compiler=none -Xrunjdwp:transport=dt_socket,address=localhost:4615
java_command: FoodMasterForm
Launcher Type: SUN_STANDARD

Environment Variables:
PATH=C:\WINDOWS\system32;C:\WINDOWS;C:\WINDOWS\System32\Wbem;C:\Program Files\ATI Technologies\ATI.ACE\Core-Static
USERNAME=mahajan
OS=Windows_NT
PROCESSOR_IDENTIFIER=x86 Family 6 Model 42 Stepping 7, GenuineIntel



---------------  S Y S T E M  ---------------

OS: Windows XP Build 2600 Service Pack 2

CPU:total 4 (8 cores per cpu, 2 threads per core) family 6 model 10 stepping 7, cmov, cx8, fxsr, mmx, sse, sse2, sse3, ssse3, ht

Memory: 4k page, physical 2097151k(1859976k free), swap 4194303k(3962376k free)

vm_info: Java HotSpot(TM) Client VM (1.6.0_02-b05) for windows-x86, built on Jun 14 2007 15:45:56 by "java_re" with unknown MS VC++:1310

